<?xml version="1.0" encoding="UTF-8"?>
<coverage generated="1413749727">
  <project timestamp="1413749727">
    <package name="BitWeb\IdServices">
      <file name="/Users/rainramm/Arendus/bitweb-id-services/src/AbstractService.php">
        <class name="AbstractService" namespace="BitWeb\IdServices">
          <metrics methods="4" coveredmethods="3" conditionals="0" coveredconditionals="0" statements="21" coveredstatements="17" elements="25" coveredelements="20"/>
        </class>
        <line num="27" type="method" name="setWsdl" crap="1" count="2"/>
        <line num="29" type="stmt" count="2"/>
        <line num="31" type="stmt" count="2"/>
        <line num="34" type="method" name="getWsdl" crap="1" count="1"/>
        <line num="36" type="stmt" count="1"/>
        <line num="39" type="method" name="initSoap" crap="4.03" count="2"/>
        <line num="41" type="stmt" count="2"/>
        <line num="42" type="stmt" count="0"/>
        <line num="45" type="stmt" count="2"/>
        <line num="46" type="stmt" count="0"/>
        <line num="50" type="stmt" count="2"/>
        <line num="51" type="stmt" count="2"/>
        <line num="52" type="stmt" count="2"/>
        <line num="55" type="stmt" count="2"/>
        <line num="56" type="stmt" count="2"/>
        <line num="59" type="stmt" count="2"/>
        <line num="60" type="stmt" count="2"/>
        <line num="62" type="stmt" count="2"/>
        <line num="63" type="stmt" count="2"/>
        <line num="64" type="stmt" count="2"/>
        <line num="66" type="stmt" count="2"/>
        <line num="68" type="stmt" count="2"/>
        <line num="71" type="method" name="catchSoapError" crap="2" count="0"/>
        <line num="73" type="stmt" count="0"/>
        <line num="74" type="stmt" count="0"/>
        <line num="77" type="stmt" count="1"/>
        <metrics loc="76" ncloc="63" classes="1" methods="4" coveredmethods="2" conditionals="0" coveredconditionals="0" statements="21" coveredstatements="17" elements="25" coveredelements="19"/>
      </file>
    </package>
    <package name="BitWeb\IdServices\Authentication\Exception">
      <file name="/Users/rainramm/Arendus/bitweb-id-services/src/Authentication/Exception/AuthenticationException.php">
        <class name="AuthenticationException" namespace="BitWeb\IdServices\Authentication\Exception">
          <metrics methods="0" coveredmethods="0" conditionals="0" coveredconditionals="0" statements="0" coveredstatements="0" elements="0" coveredelements="0"/>
        </class>
        <line num="11" type="stmt" count="1"/>
        <metrics loc="10" ncloc="10" classes="1" methods="0" coveredmethods="0" conditionals="0" coveredconditionals="0" statements="0" coveredstatements="0" elements="0" coveredelements="0"/>
      </file>
    </package>
    <package name="BitWeb\IdServices\Authentication\IdCard">
      <file name="/Users/rainramm/Arendus/bitweb-id-services/src/Authentication/IdCard/Authentication.php">
        <class name="Authentication" namespace="BitWeb\IdServices\Authentication\IdCard">
          <metrics methods="8" coveredmethods="8" conditionals="0" coveredconditionals="0" statements="48" coveredstatements="42" elements="56" coveredelements="50"/>
        </class>
        <line num="21" type="method" name="isSuccessful" crap="2" count="8"/>
        <line num="23" type="stmt" count="8"/>
        <line num="26" type="method" name="login" crap="5.03" count="6"/>
        <line num="28" type="stmt" count="6"/>
        <line num="29" type="stmt" count="1"/>
        <line num="32" type="stmt" count="5"/>
        <line num="34" type="stmt" count="5"/>
        <line num="35" type="stmt" count="0"/>
        <line num="36" type="stmt" count="0"/>
        <line num="38" type="stmt" count="5"/>
        <line num="39" type="stmt" count="5"/>
        <line num="40" type="stmt" count="5"/>
        <line num="41" type="stmt" count="5"/>
        <line num="42" type="stmt" count="5"/>
        <line num="43" type="stmt" count="5"/>
        <line num="44" type="stmt" count="5"/>
        <line num="46" type="stmt" count="5"/>
        <line num="47" type="stmt" count="5"/>
        <line num="48" type="stmt" count="5"/>
        <line num="49" type="stmt" count="5"/>
        <line num="50" type="stmt" count="5"/>
        <line num="52" type="stmt" count="5"/>
        <line num="53" type="stmt" count="5"/>
        <line num="61" type="method" name="getLoggedInUser" crap="2" count="2"/>
        <line num="63" type="stmt" count="2"/>
        <line num="64" type="stmt" count="1"/>
        <line num="67" type="stmt" count="1"/>
        <line num="76" type="method" name="decodeToUtf8" crap="3" count="5"/>
        <line num="78" type="method" name="anonymous function" crap="1.04" count="5"/>
        <line num="79" type="stmt" count="0"/>
        <line num="80" type="stmt" count="5"/>
        <line num="82" type="stmt" count="5"/>
        <line num="83" type="stmt" count="5"/>
        <line num="84" type="stmt" count="5"/>
        <line num="85" type="stmt" count="5"/>
        <line num="86" type="stmt" count="5"/>
        <line num="87" type="stmt" count="0"/>
        <line num="88" type="stmt" count="0"/>
        <line num="89" type="stmt" count="5"/>
        <line num="93" type="stmt" count="5"/>
        <line num="96" type="method" name="saveIdCardUserToSession" crap="1" count="5"/>
        <line num="98" type="stmt" count="5"/>
        <line num="99" type="stmt" count="5"/>
        <line num="101" type="method" name="isUserLoggedIn" crap="3" count="7"/>
        <line num="103" type="stmt" count="7"/>
        <line num="104" type="stmt" count="4"/>
        <line num="107" type="stmt" count="4"/>
        <line num="110" type="method" name="logout" crap="2" count="2"/>
        <line num="112" type="stmt" count="2"/>
        <line num="113" type="stmt" count="1"/>
        <line num="116" type="stmt" count="1"/>
        <line num="117" type="stmt" count="1"/>
        <line num="119" type="stmt" count="1"/>
        <metrics loc="118" ncloc="99" classes="1" methods="7" coveredmethods="5" conditionals="0" coveredconditionals="0" statements="45" coveredstatements="40" elements="52" coveredelements="45"/>
      </file>
      <file name="/Users/rainramm/Arendus/bitweb-id-services/src/Authentication/IdCard/User.php">
        <class name="User" namespace="BitWeb\IdServices\Authentication\IdCard">
          <metrics methods="9" coveredmethods="9" conditionals="0" coveredconditionals="0" statements="17" coveredstatements="17" elements="26" coveredelements="26"/>
        </class>
        <line num="31" type="method" name="__construct" crap="1" count="7"/>
        <line num="33" type="stmt" count="7"/>
        <line num="34" type="stmt" count="7"/>
        <line num="35" type="stmt" count="7"/>
        <line num="36" type="stmt" count="7"/>
        <line num="37" type="stmt" count="7"/>
        <line num="39" type="method" name="setFirstName" crap="1" count="6"/>
        <line num="41" type="stmt" count="6"/>
        <line num="42" type="stmt" count="6"/>
        <line num="45" type="method" name="getFirstName" crap="1" count="3"/>
        <line num="47" type="stmt" count="3"/>
        <line num="50" type="method" name="setLastName" crap="1" count="6"/>
        <line num="52" type="stmt" count="6"/>
        <line num="53" type="stmt" count="6"/>
        <line num="56" type="method" name="getLastName" crap="1" count="3"/>
        <line num="58" type="stmt" count="3"/>
        <line num="61" type="method" name="setSocialSecurityNumber" crap="1" count="6"/>
        <line num="63" type="stmt" count="6"/>
        <line num="64" type="stmt" count="6"/>
        <line num="67" type="method" name="getSocialSecurityNumber" crap="1" count="3"/>
        <line num="69" type="stmt" count="3"/>
        <line num="72" type="method" name="setCountry" crap="1" count="6"/>
        <line num="74" type="stmt" count="6"/>
        <line num="75" type="stmt" count="6"/>
        <line num="78" type="method" name="getCountry" crap="1" count="3"/>
        <line num="80" type="stmt" count="3"/>
        <line num="83" type="stmt" count="1"/>
        <metrics loc="82" ncloc="66" classes="1" methods="9" coveredmethods="9" conditionals="0" coveredconditionals="0" statements="17" coveredstatements="17" elements="26" coveredelements="26"/>
      </file>
    </package>
    <package name="BitWeb\IdServices\Exception">
      <file name="/Users/rainramm/Arendus/bitweb-id-services/src/Exception/IdServicesException.php">
        <class name="IdServicesException" namespace="BitWeb\IdServices\Exception">
          <metrics methods="0" coveredmethods="0" conditionals="0" coveredconditionals="0" statements="0" coveredstatements="0" elements="0" coveredelements="0"/>
        </class>
        <line num="8" type="stmt" count="1"/>
        <metrics loc="7" ncloc="7" classes="1" methods="0" coveredmethods="0" conditionals="0" coveredconditionals="0" statements="0" coveredstatements="0" elements="0" coveredelements="0"/>
      </file>
    </package>
    <package name="BitWeb\IdServices\Signing\IdCard\Certificate">
      <file name="/Users/rainramm/Arendus/bitweb-id-services/src/Signing/IdCard/Certificate/Info.php">
        <class name="Info" namespace="BitWeb\IdServices\Signing\IdCard\Certificate">
          <metrics methods="12" coveredmethods="12" conditionals="0" coveredconditionals="0" statements="18" coveredstatements="18" elements="30" coveredelements="30"/>
        </class>
        <line num="40" type="method" name="setIssuer" crap="1" count="1"/>
        <line num="42" type="stmt" count="1"/>
        <line num="43" type="stmt" count="1"/>
        <line num="48" type="method" name="getIssuer" crap="1" count="1"/>
        <line num="50" type="stmt" count="1"/>
        <line num="56" type="method" name="setIssuerSerial" crap="1" count="1"/>
        <line num="58" type="stmt" count="1"/>
        <line num="59" type="stmt" count="1"/>
        <line num="64" type="method" name="getIssuerSerial" crap="1" count="1"/>
        <line num="66" type="stmt" count="1"/>
        <line num="72" type="method" name="setPolicies" crap="1" count="1"/>
        <line num="74" type="stmt" count="1"/>
        <line num="75" type="stmt" count="1"/>
        <line num="80" type="method" name="getPolicies" crap="1" count="1"/>
        <line num="82" type="stmt" count="1"/>
        <line num="88" type="method" name="setSubject" crap="1" count="1"/>
        <line num="90" type="stmt" count="1"/>
        <line num="91" type="stmt" count="1"/>
        <line num="96" type="method" name="getSubject" crap="1" count="1"/>
        <line num="98" type="stmt" count="1"/>
        <line num="104" type="method" name="setValidFrom" crap="1" count="1"/>
        <line num="106" type="stmt" count="1"/>
        <line num="107" type="stmt" count="1"/>
        <line num="112" type="method" name="getValidFrom" crap="1" count="1"/>
        <line num="114" type="stmt" count="1"/>
        <line num="120" type="method" name="setValidTo" crap="1" count="1"/>
        <line num="122" type="stmt" count="1"/>
        <line num="123" type="stmt" count="1"/>
        <line num="128" type="method" name="getValidTo" crap="1" count="1"/>
        <line num="130" type="stmt" count="1"/>
        <line num="133" type="stmt" count="1"/>
        <metrics loc="132" ncloc="78" classes="1" methods="12" coveredmethods="12" conditionals="0" coveredconditionals="0" statements="18" coveredstatements="18" elements="30" coveredelements="30"/>
      </file>
      <file name="/Users/rainramm/Arendus/bitweb-id-services/src/Signing/IdCard/Certificate/Policies.php">
        <class name="Policies" namespace="BitWeb\IdServices\Signing\IdCard\Certificate">
          <metrics methods="6" coveredmethods="6" conditionals="0" coveredconditionals="0" statements="9" coveredstatements="9" elements="15" coveredelements="15"/>
        </class>
        <line num="25" type="method" name="setOID" crap="1" count="1"/>
        <line num="27" type="stmt" count="1"/>
        <line num="28" type="stmt" count="1"/>
        <line num="33" type="method" name="getOID" crap="1" count="1"/>
        <line num="35" type="stmt" count="1"/>
        <line num="41" type="method" name="setURL" crap="1" count="1"/>
        <line num="43" type="stmt" count="1"/>
        <line num="44" type="stmt" count="1"/>
        <line num="49" type="method" name="getURL" crap="1" count="1"/>
        <line num="51" type="stmt" count="1"/>
        <line num="57" type="method" name="setDescription" crap="1" count="1"/>
        <line num="59" type="stmt" count="1"/>
        <line num="60" type="stmt" count="1"/>
        <line num="65" type="method" name="getDescription" crap="1" count="1"/>
        <line num="67" type="stmt" count="1"/>
        <line num="70" type="stmt" count="1"/>
        <metrics loc="69" ncloc="42" classes="1" methods="6" coveredmethods="6" conditionals="0" coveredconditionals="0" statements="9" coveredstatements="9" elements="15" coveredelements="15"/>
      </file>
    </package>
    <package name="BitWeb\IdServices\Signing\IdCard">
      <file name="/Users/rainramm/Arendus/bitweb-id-services/src/Signing/IdCard/ConfirmationInfo.php">
        <class name="ConfirmationInfo" namespace="BitWeb\IdServices\Signing\IdCard">
          <metrics methods="6" coveredmethods="6" conditionals="0" coveredconditionals="0" statements="9" coveredstatements="9" elements="15" coveredelements="15"/>
        </class>
        <line num="25" type="method" name="setProducedAt" crap="1" count="1"/>
        <line num="27" type="stmt" count="1"/>
        <line num="28" type="stmt" count="1"/>
        <line num="33" type="method" name="getProducedAt" crap="1" count="1"/>
        <line num="35" type="stmt" count="1"/>
        <line num="41" type="method" name="setResponderCertificate" crap="1" count="1"/>
        <line num="43" type="stmt" count="1"/>
        <line num="44" type="stmt" count="1"/>
        <line num="49" type="method" name="getResponderCertificate" crap="1" count="1"/>
        <line num="51" type="stmt" count="1"/>
        <line num="57" type="method" name="setResponderID" crap="1" count="1"/>
        <line num="59" type="stmt" count="1"/>
        <line num="60" type="stmt" count="1"/>
        <line num="65" type="method" name="getResponderID" crap="1" count="1"/>
        <line num="67" type="stmt" count="1"/>
        <line num="70" type="stmt" count="1"/>
        <metrics loc="69" ncloc="42" classes="1" methods="6" coveredmethods="6" conditionals="0" coveredconditionals="0" statements="9" coveredstatements="9" elements="15" coveredelements="15"/>
      </file>
      <file name="/Users/rainramm/Arendus/bitweb-id-services/src/Signing/IdCard/DataFileInfo.php">
        <class name="DataFileInfo" namespace="BitWeb\IdServices\Signing\IdCard">
          <metrics methods="24" coveredmethods="23" conditionals="0" coveredconditionals="0" statements="91" coveredstatements="61" elements="115" coveredelements="84"/>
        </class>
        <line num="45" type="method" name="setContentType" crap="2" count="4"/>
        <line num="47" type="stmt" count="4"/>
        <line num="48" type="stmt" count="1"/>
        <line num="51" type="stmt" count="3"/>
        <line num="52" type="stmt" count="3"/>
        <line num="57" type="method" name="getContentType" crap="1" count="1"/>
        <line num="59" type="stmt" count="1"/>
        <line num="65" type="method" name="setDfData" crap="1" count="3"/>
        <line num="67" type="stmt" count="3"/>
        <line num="68" type="stmt" count="3"/>
        <line num="73" type="method" name="getDfData" crap="1" count="3"/>
        <line num="75" type="stmt" count="3"/>
        <line num="82" type="method" name="setDigestType" crap="2" count="4"/>
        <line num="84" type="stmt" count="4"/>
        <line num="85" type="stmt" count="1"/>
        <line num="87" type="stmt" count="3"/>
        <line num="88" type="stmt" count="3"/>
        <line num="93" type="method" name="getDigestType" crap="1" count="1"/>
        <line num="95" type="stmt" count="1"/>
        <line num="101" type="method" name="setDigestValue" crap="1" count="3"/>
        <line num="103" type="stmt" count="3"/>
        <line num="104" type="stmt" count="3"/>
        <line num="109" type="method" name="getDigestValue" crap="1" count="1"/>
        <line num="111" type="stmt" count="1"/>
        <line num="117" type="method" name="setFilename" crap="1" count="3"/>
        <line num="119" type="stmt" count="3"/>
        <line num="120" type="stmt" count="3"/>
        <line num="125" type="method" name="getFilename" crap="1" count="3"/>
        <line num="127" type="stmt" count="3"/>
        <line num="133" type="method" name="setId" crap="1" count="1"/>
        <line num="135" type="stmt" count="1"/>
        <line num="136" type="stmt" count="1"/>
        <line num="141" type="method" name="getId" crap="1" count="1"/>
        <line num="143" type="stmt" count="1"/>
        <line num="149" type="method" name="setMimeType" crap="1" count="3"/>
        <line num="151" type="stmt" count="3"/>
        <line num="152" type="stmt" count="3"/>
        <line num="157" type="method" name="getMimeType" crap="1" count="3"/>
        <line num="159" type="stmt" count="3"/>
        <line num="165" type="method" name="setSize" crap="1" count="3"/>
        <line num="167" type="stmt" count="3"/>
        <line num="168" type="stmt" count="3"/>
        <line num="173" type="method" name="getSize" crap="1" count="3"/>
        <line num="175" type="stmt" count="3"/>
        <line num="184" type="method" name="detectMimeType" crap="1" count="2"/>
        <line num="186" type="stmt" count="2"/>
        <line num="187" type="stmt" count="2"/>
        <line num="188" type="stmt" count="2"/>
        <line num="190" type="stmt" count="2"/>
        <line num="199" type="method" name="detectFileSize" crap="1" count="2"/>
        <line num="201" type="stmt" count="2"/>
        <line num="204" type="method" name="fillData" crap="2" count="2"/>
        <line num="206" type="stmt" count="2"/>
        <line num="207" type="stmt" count="2"/>
        <line num="208" type="stmt" count="2"/>
        <line num="209" type="stmt" count="2"/>
        <line num="210" type="stmt" count="2"/>
        <line num="211" type="stmt" count="2"/>
        <line num="212" type="stmt" count="2"/>
        <line num="214" type="method" name="generateDigestValue" crap="1" count="2"/>
        <line num="216" type="stmt" count="2"/>
        <line num="218" type="stmt" count="2"/>
        <line num="220" type="stmt" count="2"/>
        <line num="221" type="stmt" count="2"/>
        <line num="223" type="method" name="getC14Xml" crap="1" count="2"/>
        <line num="225" type="stmt" count="2"/>
        <line num="228" type="method" name="getDomElement" crap="1" count="2"/>
        <line num="230" type="stmt" count="2"/>
        <line num="231" type="stmt" count="2"/>
        <line num="232" type="stmt" count="2"/>
        <line num="233" type="stmt" count="2"/>
        <line num="234" type="stmt" count="2"/>
        <line num="235" type="stmt" count="2"/>
        <line num="236" type="stmt" count="2"/>
        <line num="237" type="stmt" count="2"/>
        <line num="239" type="stmt" count="2"/>
        <line num="242" type="method" name="toArray" crap="1" count="2"/>
        <line num="245" type="stmt" count="2"/>
        <line num="246" type="stmt" count="2"/>
        <line num="247" type="stmt" count="2"/>
        <line num="248" type="stmt" count="2"/>
        <line num="249" type="stmt" count="2"/>
        <line num="250" type="stmt" count="2"/>
        <line num="251" type="stmt" count="2"/>
        <line num="261" type="method" name="formXml" crap="110" count="0"/>
        <line num="263" type="stmt" count="0"/>
        <line num="265" type="stmt" count="0"/>
        <line num="267" type="stmt" count="0"/>
        <line num="268" type="stmt" count="0"/>
        <line num="269" type="stmt" count="0"/>
        <line num="270" type="stmt" count="0"/>
        <line num="271" type="stmt" count="0"/>
        <line num="272" type="stmt" count="0"/>
        <line num="273" type="stmt" count="0"/>
        <line num="274" type="stmt" count="0"/>
        <line num="275" type="stmt" count="0"/>
        <line num="276" type="stmt" count="0"/>
        <line num="277" type="stmt" count="0"/>
        <line num="278" type="stmt" count="0"/>
        <line num="279" type="stmt" count="0"/>
        <line num="280" type="stmt" count="0"/>
        <line num="281" type="stmt" count="0"/>
        <line num="282" type="stmt" count="0"/>
        <line num="283" type="stmt" count="0"/>
        <line num="284" type="stmt" count="0"/>
        <line num="285" type="stmt" count="0"/>
        <line num="286" type="stmt" count="0"/>
        <line num="287" type="stmt" count="0"/>
        <line num="288" type="stmt" count="0"/>
        <line num="289" type="stmt" count="0"/>
        <line num="290" type="stmt" count="0"/>
        <line num="291" type="stmt" count="0"/>
        <line num="292" type="stmt" count="0"/>
        <line num="293" type="stmt" count="0"/>
        <line num="297" type="stmt" count="0"/>
        <line num="300" type="stmt" count="1"/>
        <metrics loc="299" ncloc="227" classes="1" methods="24" coveredmethods="23" conditionals="0" coveredconditionals="0" statements="91" coveredstatements="61" elements="115" coveredelements="84"/>
      </file>
      <file name="/Users/rainramm/Arendus/bitweb-id-services/src/Signing/IdCard/Error.php">
        <class name="Error" namespace="BitWeb\IdServices\Signing\IdCard">
          <metrics methods="6" coveredmethods="6" conditionals="0" coveredconditionals="0" statements="9" coveredstatements="9" elements="15" coveredelements="15"/>
        </class>
        <line num="25" type="method" name="setCategory" crap="1" count="1"/>
        <line num="27" type="stmt" count="1"/>
        <line num="28" type="stmt" count="1"/>
        <line num="33" type="method" name="getCategory" crap="1" count="1"/>
        <line num="35" type="stmt" count="1"/>
        <line num="41" type="method" name="setCode" crap="1" count="1"/>
        <line num="43" type="stmt" count="1"/>
        <line num="44" type="stmt" count="1"/>
        <line num="49" type="method" name="getCode" crap="1" count="1"/>
        <line num="51" type="stmt" count="1"/>
        <line num="57" type="method" name="setDescription" crap="1" count="1"/>
        <line num="59" type="stmt" count="1"/>
        <line num="60" type="stmt" count="1"/>
        <line num="65" type="method" name="getDescription" crap="1" count="1"/>
        <line num="67" type="stmt" count="1"/>
        <line num="70" type="stmt" count="1"/>
        <metrics loc="69" ncloc="42" classes="1" methods="6" coveredmethods="6" conditionals="0" coveredconditionals="0" statements="9" coveredstatements="9" elements="15" coveredelements="15"/>
      </file>
      <file name="/Users/rainramm/Arendus/bitweb-id-services/src/Signing/IdCard/SignatureService.php">
        <class name="SignatureService" namespace="BitWeb\IdServices\Signing\IdCard">
          <metrics methods="11" coveredmethods="1" conditionals="0" coveredconditionals="0" statements="109" coveredstatements="8" elements="120" coveredelements="9"/>
        </class>
        <line num="28" type="method" name="startSession" crap="4.59" count="2"/>
        <line num="30" type="stmt" count="2"/>
        <line num="31" type="stmt" count="1"/>
        <line num="32" type="stmt" count="1"/>
        <line num="34" type="stmt" count="2"/>
        <line num="35" type="stmt" count="2"/>
        <line num="38" type="stmt" count="2"/>
        <line num="39" type="stmt" count="2"/>
        <line num="40" type="stmt" count="2"/>
        <line num="42" type="stmt" count="0"/>
        <line num="44" type="stmt" count="0"/>
        <line num="45" type="stmt" count="0"/>
        <line num="47" type="stmt" count="0"/>
        <line num="49" type="method" name="prepareSignature" crap="12" count="0"/>
        <line num="52" type="stmt" count="0"/>
        <line num="53" type="stmt" count="0"/>
        <line num="54" type="stmt" count="0"/>
        <line num="56" type="stmt" count="0"/>
        <line num="58" type="stmt" count="0"/>
        <line num="59" type="stmt" count="0"/>
        <line num="61" type="stmt" count="0"/>
        <line num="63" type="method" name="finalizeSignature" crap="12" count="0"/>
        <line num="66" type="stmt" count="0"/>
        <line num="67" type="stmt" count="0"/>
        <line num="68" type="stmt" count="0"/>
        <line num="70" type="stmt" count="0"/>
        <line num="72" type="stmt" count="0"/>
        <line num="73" type="stmt" count="0"/>
        <line num="75" type="stmt" count="0"/>
        <line num="77" type="method" name="getSignedDoc" crap="12" count="0"/>
        <line num="80" type="stmt" count="0"/>
        <line num="81" type="stmt" count="0"/>
        <line num="82" type="stmt" count="0"/>
        <line num="84" type="stmt" count="0"/>
        <line num="86" type="stmt" count="0"/>
        <line num="87" type="stmt" count="0"/>
        <line num="89" type="stmt" count="0"/>
        <line num="91" type="method" name="getSignedDocInfo" crap="12" count="0"/>
        <line num="94" type="stmt" count="0"/>
        <line num="95" type="stmt" count="0"/>
        <line num="96" type="stmt" count="0"/>
        <line num="98" type="stmt" count="0"/>
        <line num="100" type="stmt" count="0"/>
        <line num="101" type="stmt" count="0"/>
        <line num="103" type="stmt" count="0"/>
        <line num="105" type="method" name="replaceDataFile" crap="2" count="0"/>
        <line num="107" type="stmt" count="0"/>
        <line num="111" type="stmt" count="0"/>
        <line num="112" type="stmt" count="0"/>
        <line num="113" type="stmt" count="0"/>
        <line num="114" type="stmt" count="0"/>
        <line num="116" type="stmt" count="0"/>
        <line num="119" type="method" name="closeSession" crap="12" count="0"/>
        <line num="122" type="stmt" count="0"/>
        <line num="123" type="stmt" count="0"/>
        <line num="124" type="stmt" count="0"/>
        <line num="126" type="stmt" count="0"/>
        <line num="128" type="stmt" count="0"/>
        <line num="129" type="stmt" count="0"/>
        <line num="131" type="stmt" count="0"/>
        <line num="134" type="method" name="getSignedDocInfoByPath" crap="12" count="0"/>
        <line num="136" type="stmt" count="0"/>
        <line num="137" type="stmt" count="0"/>
        <line num="140" type="stmt" count="0"/>
        <line num="141" type="stmt" count="0"/>
        <line num="142" type="stmt" count="0"/>
        <line num="144" type="stmt" count="0"/>
        <line num="146" type="stmt" count="0"/>
        <line num="147" type="stmt" count="0"/>
        <line num="149" type="stmt" count="0"/>
        <line num="151" type="method" name="startDdockSession" crap="20" count="0"/>
        <line num="153" type="stmt" count="0"/>
        <line num="154" type="stmt" count="0"/>
        <line num="155" type="stmt" count="0"/>
        <line num="158" type="stmt" count="0"/>
        <line num="159" type="stmt" count="0"/>
        <line num="161" type="stmt" count="0"/>
        <line num="162" type="stmt" count="0"/>
        <line num="163" type="stmt" count="0"/>
        <line num="165" type="stmt" count="0"/>
        <line num="167" type="stmt" count="0"/>
        <line num="168" type="stmt" count="0"/>
        <line num="170" type="stmt" count="0"/>
        <line num="172" type="method" name="prepareDdocDataFile" crap="12" count="0"/>
        <line num="174" type="stmt" count="0"/>
        <line num="176" type="stmt" count="0"/>
        <line num="177" type="stmt" count="0"/>
        <line num="180" type="stmt" count="0"/>
        <line num="182" type="stmt" count="0"/>
        <line num="183" type="stmt" count="0"/>
        <line num="184" type="stmt" count="0"/>
        <line num="186" type="stmt" count="0"/>
        <line num="187" type="stmt" count="0"/>
        <line num="188" type="stmt" count="0"/>
        <line num="190" type="stmt" count="0"/>
        <line num="191" type="stmt" count="0"/>
        <line num="192" type="stmt" count="0"/>
        <line num="193" type="stmt" count="0"/>
        <line num="194" type="stmt" count="0"/>
        <line num="195" type="stmt" count="0"/>
        <line num="196" type="stmt" count="0"/>
        <line num="197" type="stmt" count="0"/>
        <line num="198" type="stmt" count="0"/>
        <line num="199" type="stmt" count="0"/>
        <line num="200" type="stmt" count="0"/>
        <line num="201" type="stmt" count="0"/>
        <line num="202" type="stmt" count="0"/>
        <line num="203" type="stmt" count="0"/>
        <line num="204" type="stmt" count="0"/>
        <line num="205" type="stmt" count="0"/>
        <line num="206" type="stmt" count="0"/>
        <line num="207" type="stmt" count="0"/>
        <line num="210" type="method" name="removeSignature" crap="12" count="0"/>
        <line num="213" type="stmt" count="0"/>
        <line num="214" type="stmt" count="0"/>
        <line num="215" type="stmt" count="0"/>
        <line num="217" type="stmt" count="0"/>
        <line num="219" type="stmt" count="0"/>
        <line num="220" type="stmt" count="0"/>
        <line num="222" type="stmt" count="0"/>
        <line num="224" type="stmt" count="1"/>
        <metrics loc="223" ncloc="221" classes="1" methods="11" coveredmethods="0" conditionals="0" coveredconditionals="0" statements="109" coveredstatements="8" elements="120" coveredelements="8"/>
      </file>
      <file name="/Users/rainramm/Arendus/bitweb-id-services/src/Signing/IdCard/SignedDocInfo.php">
        <class name="SignedDocInfo" namespace="BitWeb\IdServices\Signing\IdCard">
          <metrics methods="8" coveredmethods="6" conditionals="0" coveredconditionals="0" statements="12" coveredstatements="9" elements="20" coveredelements="15"/>
        </class>
        <line num="30" type="method" name="setDataFileInfo" crap="1" count="1"/>
        <line num="32" type="stmt" count="1"/>
        <line num="33" type="stmt" count="1"/>
        <line num="38" type="method" name="getDataFileInfo" crap="1" count="1"/>
        <line num="40" type="stmt" count="1"/>
        <line num="46" type="method" name="setFormat" crap="1" count="1"/>
        <line num="48" type="stmt" count="1"/>
        <line num="49" type="stmt" count="1"/>
        <line num="54" type="method" name="getFormat" crap="1" count="1"/>
        <line num="56" type="stmt" count="1"/>
        <line num="62" type="method" name="setSignatureInfo" crap="2" count="0"/>
        <line num="64" type="stmt" count="0"/>
        <line num="65" type="stmt" count="0"/>
        <line num="70" type="method" name="getSignatureInfo" crap="2" count="0"/>
        <line num="72" type="stmt" count="0"/>
        <line num="78" type="method" name="setVersion" crap="1" count="1"/>
        <line num="80" type="stmt" count="1"/>
        <line num="81" type="stmt" count="1"/>
        <line num="86" type="method" name="getVersion" crap="1" count="1"/>
        <line num="88" type="stmt" count="1"/>
        <line num="91" type="stmt" count="1"/>
        <metrics loc="90" ncloc="54" classes="1" methods="8" coveredmethods="6" conditionals="0" coveredconditionals="0" statements="12" coveredstatements="9" elements="20" coveredelements="15"/>
      </file>
    </package>
    <package name="BitWeb\IdServices\Signing\IdCard\Signature">
      <file name="/Users/rainramm/Arendus/bitweb-id-services/src/Signing/IdCard/Signature/Info.php">
        <class name="Info" namespace="BitWeb\IdServices\Signing\IdCard\Signature">
          <metrics methods="20" coveredmethods="0" conditionals="0" coveredconditionals="0" statements="30" coveredstatements="0" elements="50" coveredelements="0"/>
        </class>
        <line num="64" type="method" name="setCRLInfo" crap="2" count="0"/>
        <line num="66" type="stmt" count="0"/>
        <line num="67" type="stmt" count="0"/>
        <line num="72" type="method" name="getCRLInfo" crap="2" count="0"/>
        <line num="74" type="stmt" count="0"/>
        <line num="80" type="method" name="setConfirmation" crap="2" count="0"/>
        <line num="82" type="stmt" count="0"/>
        <line num="83" type="stmt" count="0"/>
        <line num="88" type="method" name="getConfirmation" crap="2" count="0"/>
        <line num="90" type="stmt" count="0"/>
        <line num="96" type="method" name="setError" crap="2" count="0"/>
        <line num="98" type="stmt" count="0"/>
        <line num="99" type="stmt" count="0"/>
        <line num="104" type="method" name="getError" crap="2" count="0"/>
        <line num="106" type="stmt" count="0"/>
        <line num="112" type="method" name="setId" crap="2" count="0"/>
        <line num="114" type="stmt" count="0"/>
        <line num="115" type="stmt" count="0"/>
        <line num="120" type="method" name="getId" crap="2" count="0"/>
        <line num="122" type="stmt" count="0"/>
        <line num="128" type="method" name="setSignatureProductionPlace" crap="2" count="0"/>
        <line num="130" type="stmt" count="0"/>
        <line num="131" type="stmt" count="0"/>
        <line num="136" type="method" name="getSignatureProductionPlace" crap="2" count="0"/>
        <line num="138" type="stmt" count="0"/>
        <line num="144" type="method" name="setSigner" crap="2" count="0"/>
        <line num="146" type="stmt" count="0"/>
        <line num="147" type="stmt" count="0"/>
        <line num="152" type="method" name="getSigner" crap="2" count="0"/>
        <line num="154" type="stmt" count="0"/>
        <line num="160" type="method" name="setSignerRole" crap="2" count="0"/>
        <line num="162" type="stmt" count="0"/>
        <line num="163" type="stmt" count="0"/>
        <line num="168" type="method" name="getSignerRole" crap="2" count="0"/>
        <line num="170" type="stmt" count="0"/>
        <line num="176" type="method" name="setSigningTime" crap="2" count="0"/>
        <line num="178" type="stmt" count="0"/>
        <line num="179" type="stmt" count="0"/>
        <line num="184" type="method" name="getSigningTime" crap="2" count="0"/>
        <line num="186" type="stmt" count="0"/>
        <line num="192" type="method" name="setStatus" crap="2" count="0"/>
        <line num="194" type="stmt" count="0"/>
        <line num="195" type="stmt" count="0"/>
        <line num="200" type="method" name="getStatus" crap="2" count="0"/>
        <line num="202" type="stmt" count="0"/>
        <line num="208" type="method" name="setTimestamps" crap="2" count="0"/>
        <line num="210" type="stmt" count="0"/>
        <line num="211" type="stmt" count="0"/>
        <line num="216" type="method" name="getTimestamps" crap="2" count="0"/>
        <line num="218" type="stmt" count="0"/>
        <line num="221" type="stmt" count="1"/>
        <metrics loc="220" ncloc="130" classes="1" methods="20" coveredmethods="0" conditionals="0" coveredconditionals="0" statements="30" coveredstatements="0" elements="50" coveredelements="0"/>
      </file>
      <file name="/Users/rainramm/Arendus/bitweb-id-services/src/Signing/IdCard/Signature/ProductionPlace.php">
        <class name="ProductionPlace" namespace="BitWeb\IdServices\Signing\IdCard\Signature">
          <metrics methods="8" coveredmethods="8" conditionals="0" coveredconditionals="0" statements="12" coveredstatements="12" elements="20" coveredelements="20"/>
        </class>
        <line num="30" type="method" name="setCity" crap="1" count="1"/>
        <line num="32" type="stmt" count="1"/>
        <line num="33" type="stmt" count="1"/>
        <line num="38" type="method" name="getCity" crap="1" count="1"/>
        <line num="40" type="stmt" count="1"/>
        <line num="46" type="method" name="setCountryName" crap="1" count="1"/>
        <line num="48" type="stmt" count="1"/>
        <line num="49" type="stmt" count="1"/>
        <line num="54" type="method" name="getCountryName" crap="1" count="1"/>
        <line num="56" type="stmt" count="1"/>
        <line num="62" type="method" name="setPostalCode" crap="1" count="1"/>
        <line num="64" type="stmt" count="1"/>
        <line num="65" type="stmt" count="1"/>
        <line num="70" type="method" name="getPostalCode" crap="1" count="1"/>
        <line num="72" type="stmt" count="1"/>
        <line num="78" type="method" name="setStateOrProvince" crap="1" count="1"/>
        <line num="80" type="stmt" count="1"/>
        <line num="81" type="stmt" count="1"/>
        <line num="86" type="method" name="getStateOrProvince" crap="1" count="1"/>
        <line num="88" type="stmt" count="1"/>
        <line num="91" type="stmt" count="1"/>
        <metrics loc="90" ncloc="54" classes="1" methods="8" coveredmethods="8" conditionals="0" coveredconditionals="0" statements="12" coveredstatements="12" elements="20" coveredelements="20"/>
      </file>
    </package>
    <package name="BitWeb\IdServices\Signing\IdCard\Signer">
      <file name="/Users/rainramm/Arendus/bitweb-id-services/src/Signing/IdCard/Signer/Info.php">
        <class name="Info" namespace="BitWeb\IdServices\Signing\IdCard\Signer">
          <metrics methods="6" coveredmethods="6" conditionals="0" coveredconditionals="0" statements="9" coveredstatements="9" elements="15" coveredelements="15"/>
        </class>
        <line num="27" type="method" name="setCertificate" crap="1" count="1"/>
        <line num="29" type="stmt" count="1"/>
        <line num="30" type="stmt" count="1"/>
        <line num="35" type="method" name="getCertificate" crap="1" count="1"/>
        <line num="37" type="stmt" count="1"/>
        <line num="43" type="method" name="setCommonName" crap="1" count="1"/>
        <line num="45" type="stmt" count="1"/>
        <line num="46" type="stmt" count="1"/>
        <line num="51" type="method" name="getCommonName" crap="1" count="1"/>
        <line num="53" type="stmt" count="1"/>
        <line num="59" type="method" name="setIDCode" crap="1" count="1"/>
        <line num="61" type="stmt" count="1"/>
        <line num="62" type="stmt" count="1"/>
        <line num="67" type="method" name="getIDCode" crap="1" count="1"/>
        <line num="69" type="stmt" count="1"/>
        <line num="72" type="stmt" count="1"/>
        <metrics loc="71" ncloc="44" classes="1" methods="6" coveredmethods="6" conditionals="0" coveredconditionals="0" statements="9" coveredstatements="9" elements="15" coveredelements="15"/>
      </file>
      <file name="/Users/rainramm/Arendus/bitweb-id-services/src/Signing/IdCard/Signer/Role.php">
        <class name="Role" namespace="BitWeb\IdServices\Signing\IdCard\Signer">
          <metrics methods="4" coveredmethods="4" conditionals="0" coveredconditionals="0" statements="6" coveredstatements="6" elements="10" coveredelements="10"/>
        </class>
        <line num="20" type="method" name="setCertified" crap="1" count="1"/>
        <line num="22" type="stmt" count="1"/>
        <line num="23" type="stmt" count="1"/>
        <line num="28" type="method" name="getCertified" crap="1" count="1"/>
        <line num="30" type="stmt" count="1"/>
        <line num="36" type="method" name="setRole" crap="1" count="1"/>
        <line num="38" type="stmt" count="1"/>
        <line num="39" type="stmt" count="1"/>
        <line num="44" type="method" name="getRole" crap="1" count="1"/>
        <line num="46" type="stmt" count="1"/>
        <line num="49" type="stmt" count="1"/>
        <metrics loc="48" ncloc="30" classes="1" methods="4" coveredmethods="4" conditionals="0" coveredconditionals="0" statements="6" coveredstatements="6" elements="10" coveredelements="10"/>
      </file>
    </package>
    <file name="/Users/rainramm/Arendus/bitweb-id-services/test/TestAsset/config.dist.php">
      <line num="9" type="stmt" count="0"/>
      <line num="11" type="stmt" count="0"/>
      <line num="20" type="stmt" count="0"/>
      <line num="30" type="stmt" count="0"/>
      <line num="31" type="stmt" count="0"/>
      <metrics loc="30" ncloc="13" classes="0" methods="0" coveredmethods="0" conditionals="0" coveredconditionals="0" statements="4" coveredstatements="0" elements="4" coveredelements="0"/>
    </file>
    <package name="Composer\Autoload">
      <file name="/Users/rainramm/Arendus/bitweb-id-services/vendor/composer/ClassLoader.php">
        <class name="ClassLoader" namespace="Composer\Autoload">
          <metrics methods="17" coveredmethods="4" conditionals="0" coveredconditionals="0" statements="138" coveredstatements="33" elements="155" coveredelements="37"/>
        </class>
        <line num="0" type="stmt" count="4"/>
        <line num="11" type="stmt" count="1"/>
        <line num="57" type="method" name="getPrefixes" crap="1.04" count="1"/>
        <line num="58" type="stmt" count="1"/>
        <line num="59" type="stmt" count="0"/>
        <line num="60" type="stmt" count="1"/>
        <line num="62" type="method" name="getPrefixesPsr4" crap="2" count="0"/>
        <line num="64" type="stmt" count="0"/>
        <line num="67" type="method" name="getFallbackDirs" crap="2" count="0"/>
        <line num="69" type="stmt" count="0"/>
        <line num="72" type="method" name="getFallbackDirsPsr4" crap="2" count="0"/>
        <line num="74" type="stmt" count="0"/>
        <line num="77" type="method" name="getClassMap" crap="2" count="0"/>
        <line num="79" type="stmt" count="0"/>
        <line num="85" type="method" name="addClassMap" crap="6" count="0"/>
        <line num="87" type="stmt" count="0"/>
        <line num="88" type="stmt" count="0"/>
        <line num="89" type="stmt" count="0"/>
        <line num="90" type="stmt" count="0"/>
        <line num="92" type="stmt" count="0"/>
        <line num="102" type="method" name="add" crap="30" count="0"/>
        <line num="104" type="stmt" count="0"/>
        <line num="105" type="stmt" count="0"/>
        <line num="106" type="stmt" count="0"/>
        <line num="107" type="stmt" count="0"/>
        <line num="108" type="stmt" count="0"/>
        <line num="109" type="stmt" count="0"/>
        <line num="110" type="stmt" count="0"/>
        <line num="111" type="stmt" count="0"/>
        <line num="112" type="stmt" count="0"/>
        <line num="114" type="stmt" count="0"/>
        <line num="117" type="stmt" count="0"/>
        <line num="120" type="stmt" count="0"/>
        <line num="121" type="stmt" count="0"/>
        <line num="122" type="stmt" count="0"/>
        <line num="124" type="stmt" count="0"/>
        <line num="126" type="stmt" count="0"/>
        <line num="127" type="stmt" count="0"/>
        <line num="128" type="stmt" count="0"/>
        <line num="129" type="stmt" count="0"/>
        <line num="130" type="stmt" count="0"/>
        <line num="131" type="stmt" count="0"/>
        <line num="132" type="stmt" count="0"/>
        <line num="133" type="stmt" count="0"/>
        <line num="135" type="stmt" count="0"/>
        <line num="137" type="stmt" count="0"/>
        <line num="149" type="method" name="addPsr4" crap="42" count="0"/>
        <line num="151" type="stmt" count="0"/>
        <line num="153" type="stmt" count="0"/>
        <line num="154" type="stmt" count="0"/>
        <line num="155" type="stmt" count="0"/>
        <line num="156" type="stmt" count="0"/>
        <line num="157" type="stmt" count="0"/>
        <line num="158" type="stmt" count="0"/>
        <line num="159" type="stmt" count="0"/>
        <line num="160" type="stmt" count="0"/>
        <line num="162" type="stmt" count="0"/>
        <line num="164" type="stmt" count="0"/>
        <line num="166" type="stmt" count="0"/>
        <line num="167" type="stmt" count="0"/>
        <line num="168" type="stmt" count="0"/>
        <line num="170" type="stmt" count="0"/>
        <line num="171" type="stmt" count="0"/>
        <line num="172" type="stmt" count="0"/>
        <line num="174" type="stmt" count="0"/>
        <line num="175" type="stmt" count="0"/>
        <line num="176" type="stmt" count="0"/>
        <line num="177" type="stmt" count="0"/>
        <line num="178" type="stmt" count="0"/>
        <line num="180" type="stmt" count="0"/>
        <line num="181" type="stmt" count="0"/>
        <line num="183" type="stmt" count="0"/>
        <line num="185" type="stmt" count="0"/>
        <line num="194" type="method" name="set" crap="6" count="0"/>
        <line num="196" type="stmt" count="0"/>
        <line num="197" type="stmt" count="0"/>
        <line num="198" type="stmt" count="0"/>
        <line num="199" type="stmt" count="0"/>
        <line num="201" type="stmt" count="0"/>
        <line num="212" type="method" name="setPsr4" crap="12" count="0"/>
        <line num="214" type="stmt" count="0"/>
        <line num="215" type="stmt" count="0"/>
        <line num="216" type="stmt" count="0"/>
        <line num="217" type="stmt" count="0"/>
        <line num="218" type="stmt" count="0"/>
        <line num="219" type="stmt" count="0"/>
        <line num="221" type="stmt" count="0"/>
        <line num="222" type="stmt" count="0"/>
        <line num="224" type="stmt" count="0"/>
        <line num="231" type="method" name="setUseIncludePath" crap="2" count="0"/>
        <line num="233" type="stmt" count="0"/>
        <line num="234" type="stmt" count="0"/>
        <line num="242" type="method" name="getUseIncludePath" crap="2" count="0"/>
        <line num="244" type="stmt" count="0"/>
        <line num="252" type="method" name="register" crap="2" count="0"/>
        <line num="254" type="stmt" count="0"/>
        <line num="255" type="stmt" count="0"/>
        <line num="260" type="method" name="unregister" crap="2" count="0"/>
        <line num="262" type="stmt" count="0"/>
        <line num="263" type="stmt" count="0"/>
        <line num="271" type="method" name="loadClass" crap="2.06" count="12"/>
        <line num="273" type="stmt" count="12"/>
        <line num="274" type="stmt" count="12"/>
        <line num="276" type="stmt" count="12"/>
        <line num="278" type="stmt" count="0"/>
        <line num="287" type="method" name="findFile" crap="8.60" count="12"/>
        <line num="290" type="stmt" count="12"/>
        <line num="291" type="stmt" count="0"/>
        <line num="292" type="stmt" count="0"/>
        <line num="295" type="stmt" count="12"/>
        <line num="296" type="stmt" count="4"/>
        <line num="299" type="stmt" count="11"/>
        <line num="302" type="stmt" count="11"/>
        <line num="303" type="stmt" count="0"/>
        <line num="304" type="stmt" count="0"/>
        <line num="306" type="stmt" count="11"/>
        <line num="308" type="stmt" count="0"/>
        <line num="311" type="stmt" count="11"/>
        <line num="314" type="method" name="findFileWithExtension" crap="47.01" count="11"/>
        <line num="317" type="stmt" count="11"/>
        <line num="319" type="stmt" count="11"/>
        <line num="320" type="stmt" count="11"/>
        <line num="321" type="stmt" count="11"/>
        <line num="322" type="stmt" count="11"/>
        <line num="323" type="stmt" count="11"/>
        <line num="324" type="stmt" count="11"/>
        <line num="325" type="stmt" count="11"/>
        <line num="327" type="stmt" count="0"/>
        <line num="328" type="stmt" count="0"/>
        <line num="329" type="stmt" count="0"/>
        <line num="330" type="stmt" count="0"/>
        <line num="333" type="stmt" count="1"/>
        <line num="334" type="stmt" count="0"/>
        <line num="335" type="stmt" count="0"/>
        <line num="337" type="stmt" count="1"/>
        <line num="340" type="stmt" count="1"/>
        <line num="342" type="stmt" count="1"/>
        <line num="343" type="stmt" count="1"/>
        <line num="344" type="stmt" count="1"/>
        <line num="346" type="stmt" count="0"/>
        <line num="349" type="stmt" count="1"/>
        <line num="350" type="stmt" count="1"/>
        <line num="351" type="stmt" count="1"/>
        <line num="352" type="stmt" count="1"/>
        <line num="353" type="stmt" count="1"/>
        <line num="354" type="stmt" count="1"/>
        <line num="356" type="stmt" count="0"/>
        <line num="357" type="stmt" count="0"/>
        <line num="358" type="stmt" count="1"/>
        <line num="359" type="stmt" count="0"/>
        <line num="362" type="stmt" count="0"/>
        <line num="363" type="stmt" count="0"/>
        <line num="364" type="stmt" count="0"/>
        <line num="366" type="stmt" count="0"/>
        <line num="369" type="stmt" count="0"/>
        <line num="370" type="stmt" count="0"/>
        <line num="372" type="stmt" count="0"/>
        <line num="382" type="stmt" count="12"/>
        <line num="383" type="stmt" count="12"/>
        <metrics loc="383" ncloc="238" classes="1" methods="17" coveredmethods="0" conditionals="0" coveredconditionals="0" statements="141" coveredstatements="36" elements="158" coveredelements="36"/>
      </file>
    </package>
    <file name="/Users/rainramm/Arendus/bitweb-id-services/vendor/composer/autoload_real.php">
      <class name="ComposerAutoloaderInit9fcbedc6c34857e672be0b0307410741" namespace="global">
        <metrics methods="2" coveredmethods="0" conditionals="0" coveredconditionals="0" statements="26" coveredstatements="0" elements="28" coveredelements="0"/>
      </class>
      <line num="9" type="method" name="loadClassLoader" crap="6" count="0"/>
      <line num="11" type="stmt" count="0"/>
      <line num="12" type="stmt" count="0"/>
      <line num="13" type="stmt" count="0"/>
      <line num="14" type="stmt" count="0"/>
      <line num="16" type="method" name="getLoader" crap="30" count="0"/>
      <line num="18" type="stmt" count="0"/>
      <line num="19" type="stmt" count="0"/>
      <line num="22" type="stmt" count="0"/>
      <line num="23" type="stmt" count="0"/>
      <line num="24" type="stmt" count="0"/>
      <line num="26" type="stmt" count="0"/>
      <line num="27" type="stmt" count="0"/>
      <line num="28" type="stmt" count="0"/>
      <line num="30" type="stmt" count="0"/>
      <line num="31" type="stmt" count="0"/>
      <line num="32" type="stmt" count="0"/>
      <line num="33" type="stmt" count="0"/>
      <line num="35" type="stmt" count="0"/>
      <line num="36" type="stmt" count="0"/>
      <line num="37" type="stmt" count="0"/>
      <line num="38" type="stmt" count="0"/>
      <line num="40" type="stmt" count="0"/>
      <line num="41" type="stmt" count="0"/>
      <line num="42" type="stmt" count="0"/>
      <line num="43" type="stmt" count="0"/>
      <line num="45" type="stmt" count="0"/>
      <line num="47" type="stmt" count="0"/>
      <line num="53" type="stmt" count="0"/>
      <line num="54" type="stmt" count="0"/>
      <metrics loc="54" ncloc="52" classes="1" methods="2" coveredmethods="0" conditionals="0" coveredconditionals="0" statements="28" coveredstatements="0" elements="30" coveredelements="0"/>
    </file>
    <file name="/Users/rainramm/Arendus/bitweb-id-services/vendor/zendframework/zend-server/Zend/Server/Client.php">
      <line num="28" type="stmt" count="1"/>
      <metrics loc="27" ncloc="8" classes="0" methods="0" coveredmethods="0" conditionals="0" coveredconditionals="0" statements="0" coveredstatements="0" elements="0" coveredelements="0"/>
    </file>
    <package name="Zend\Soap">
      <file name="/Users/rainramm/Arendus/bitweb-id-services/vendor/zendframework/zend-soap/Zend/Soap/Client.php">
        <class name="Client" namespace="Zend\Soap">
          <metrics methods="67" coveredmethods="35" conditionals="0" coveredconditionals="0" statements="334" coveredstatements="147" elements="401" coveredelements="182"/>
        </class>
        <line num="0" type="stmt" count="1"/>
        <line num="119" type="method" name="__construct" crap="4.02" count="2"/>
        <line num="121" type="stmt" count="2"/>
        <line num="122" type="stmt" count="0"/>
        <line num="125" type="stmt" count="2"/>
        <line num="126" type="stmt" count="2"/>
        <line num="127" type="stmt" count="2"/>
        <line num="128" type="stmt" count="2"/>
        <line num="129" type="stmt" count="2"/>
        <line num="130" type="stmt" count="2"/>
        <line num="131" type="stmt" count="2"/>
        <line num="139" type="method" name="setWSDL" crap="1" count="2"/>
        <line num="141" type="stmt" count="2"/>
        <line num="142" type="stmt" count="2"/>
        <line num="144" type="stmt" count="2"/>
        <line num="152" type="method" name="getWSDL" crap="1" count="2"/>
        <line num="154" type="stmt" count="2"/>
        <line num="166" type="method" name="setOptions" crap="267.55" count="2"/>
        <line num="168" type="stmt" count="2"/>
        <line num="169" type="stmt" count="0"/>
        <line num="170" type="stmt" count="0"/>
        <line num="172" type="stmt" count="2"/>
        <line num="173" type="stmt" count="2"/>
        <line num="174" type="stmt" count="2"/>
        <line num="175" type="stmt" count="2"/>
        <line num="176" type="stmt" count="2"/>
        <line num="177" type="stmt" count="2"/>
        <line num="179" type="stmt" count="2"/>
        <line num="180" type="stmt" count="0"/>
        <line num="181" type="stmt" count="0"/>
        <line num="183" type="stmt" count="2"/>
        <line num="184" type="stmt" count="2"/>
        <line num="185" type="stmt" count="2"/>
        <line num="186" type="stmt" count="2"/>
        <line num="188" type="stmt" count="2"/>
        <line num="189" type="stmt" count="0"/>
        <line num="190" type="stmt" count="0"/>
        <line num="192" type="stmt" count="2"/>
        <line num="193" type="stmt" count="0"/>
        <line num="194" type="stmt" count="0"/>
        <line num="196" type="stmt" count="2"/>
        <line num="197" type="stmt" count="0"/>
        <line num="198" type="stmt" count="0"/>
        <line num="200" type="stmt" count="2"/>
        <line num="201" type="stmt" count="0"/>
        <line num="202" type="stmt" count="0"/>
        <line num="204" type="stmt" count="2"/>
        <line num="205" type="stmt" count="0"/>
        <line num="206" type="stmt" count="0"/>
        <line num="208" type="stmt" count="2"/>
        <line num="209" type="stmt" count="0"/>
        <line num="210" type="stmt" count="0"/>
        <line num="212" type="stmt" count="2"/>
        <line num="213" type="stmt" count="0"/>
        <line num="214" type="stmt" count="0"/>
        <line num="216" type="stmt" count="2"/>
        <line num="217" type="stmt" count="2"/>
        <line num="218" type="stmt" count="0"/>
        <line num="219" type="stmt" count="0"/>
        <line num="221" type="stmt" count="2"/>
        <line num="222" type="stmt" count="2"/>
        <line num="223" type="stmt" count="0"/>
        <line num="224" type="stmt" count="0"/>
        <line num="226" type="stmt" count="2"/>
        <line num="227" type="stmt" count="2"/>
        <line num="228" type="stmt" count="0"/>
        <line num="229" type="stmt" count="0"/>
        <line num="231" type="stmt" count="2"/>
        <line num="232" type="stmt" count="2"/>
        <line num="233" type="stmt" count="0"/>
        <line num="234" type="stmt" count="0"/>
        <line num="236" type="stmt" count="2"/>
        <line num="237" type="stmt" count="2"/>
        <line num="238" type="stmt" count="0"/>
        <line num="239" type="stmt" count="0"/>
        <line num="241" type="stmt" count="2"/>
        <line num="242" type="stmt" count="0"/>
        <line num="243" type="stmt" count="0"/>
        <line num="245" type="stmt" count="2"/>
        <line num="246" type="stmt" count="0"/>
        <line num="247" type="stmt" count="0"/>
        <line num="249" type="stmt" count="2"/>
        <line num="250" type="stmt" count="2"/>
        <line num="251" type="stmt" count="2"/>
        <line num="252" type="stmt" count="2"/>
        <line num="254" type="stmt" count="0"/>
        <line num="255" type="stmt" count="0"/>
        <line num="256" type="stmt" count="0"/>
        <line num="258" type="stmt" count="0"/>
        <line num="259" type="stmt" count="0"/>
        <line num="260" type="stmt" count="0"/>
        <line num="261" type="stmt" count="0"/>
        <line num="263" type="stmt" count="0"/>
        <line num="264" type="stmt" count="0"/>
        <line num="265" type="stmt" count="0"/>
        <line num="266" type="stmt" count="0"/>
        <line num="268" type="stmt" count="0"/>
        <line num="269" type="stmt" count="0"/>
        <line num="270" type="stmt" count="0"/>
        <line num="271" type="stmt" count="0"/>
        <line num="278" type="stmt" count="0"/>
        <line num="279" type="stmt" count="0"/>
        <line num="281" type="stmt" count="2"/>
        <line num="282" type="stmt" count="2"/>
        <line num="284" type="stmt" count="2"/>
        <line num="292" type="method" name="getOptions" crap="5" count="2"/>
        <line num="294" type="stmt" count="2"/>
        <line num="296" type="stmt" count="2"/>
        <line num="297" type="stmt" count="2"/>
        <line num="298" type="stmt" count="2"/>
        <line num="299" type="stmt" count="2"/>
        <line num="300" type="stmt" count="2"/>
        <line num="301" type="stmt" count="2"/>
        <line num="302" type="stmt" count="2"/>
        <line num="303" type="stmt" count="2"/>
        <line num="304" type="stmt" count="2"/>
        <line num="305" type="stmt" count="2"/>
        <line num="306" type="stmt" count="2"/>
        <line num="307" type="stmt" count="2"/>
        <line num="308" type="stmt" count="2"/>
        <line num="309" type="stmt" count="2"/>
        <line num="310" type="stmt" count="2"/>
        <line num="311" type="stmt" count="2"/>
        <line num="312" type="stmt" count="2"/>
        <line num="313" type="stmt" count="2"/>
        <line num="315" type="stmt" count="2"/>
        <line num="316" type="stmt" count="2"/>
        <line num="317" type="stmt" count="2"/>
        <line num="318" type="stmt" count="2"/>
        <line num="320" type="stmt" count="2"/>
        <line num="325" type="stmt" count="2"/>
        <line num="326" type="stmt" count="2"/>
        <line num="327" type="stmt" count="2"/>
        <line num="328" type="stmt" count="2"/>
        <line num="329" type="stmt" count="2"/>
        <line num="330" type="stmt" count="2"/>
        <line num="331" type="stmt" count="2"/>
        <line num="332" type="stmt" count="2"/>
        <line num="334" type="stmt" count="2"/>
        <line num="336" type="stmt" count="2"/>
        <line num="346" type="method" name="setSoapVersion" crap="2.15" count="2"/>
        <line num="348" type="stmt" count="2"/>
        <line num="349" type="stmt" count="0"/>
        <line num="351" type="stmt" count="0"/>
        <line num="354" type="stmt" count="2"/>
        <line num="355" type="stmt" count="2"/>
        <line num="356" type="stmt" count="2"/>
        <line num="364" type="method" name="getSoapVersion" crap="1" count="2"/>
        <line num="366" type="stmt" count="2"/>
        <line num="376" type="method" name="setClassmap" crap="3.03" count="2"/>
        <line num="378" type="stmt" count="2"/>
        <line num="379" type="stmt" count="2"/>
        <line num="380" type="stmt" count="0"/>
        <line num="382" type="stmt" count="2"/>
        <line num="384" type="stmt" count="2"/>
        <line num="385" type="stmt" count="2"/>
        <line num="386" type="stmt" count="2"/>
        <line num="394" type="method" name="getClassmap" crap="1" count="2"/>
        <line num="396" type="stmt" count="2"/>
        <line num="406" type="method" name="setTypemap" crap="20" count="0"/>
        <line num="408" type="stmt" count="0"/>
        <line num="409" type="stmt" count="0"/>
        <line num="410" type="stmt" count="0"/>
        <line num="412" type="stmt" count="0"/>
        <line num="413" type="stmt" count="0"/>
        <line num="415" type="stmt" count="0"/>
        <line num="417" type="stmt" count="0"/>
        <line num="418" type="stmt" count="0"/>
        <line num="419" type="stmt" count="0"/>
        <line num="427" type="method" name="getTypemap" crap="1" count="2"/>
        <line num="429" type="stmt" count="2"/>
        <line num="439" type="method" name="setEncoding" crap="6" count="0"/>
        <line num="441" type="stmt" count="0"/>
        <line num="442" type="stmt" count="0"/>
        <line num="445" type="stmt" count="0"/>
        <line num="446" type="stmt" count="0"/>
        <line num="447" type="stmt" count="0"/>
        <line num="455" type="method" name="getEncoding" crap="1" count="2"/>
        <line num="457" type="stmt" count="2"/>
        <line num="467" type="method" name="validateUrn" crap="12" count="0"/>
        <line num="469" type="stmt" count="0"/>
        <line num="470" type="stmt" count="0"/>
        <line num="471" type="stmt" count="0"/>
        <line num="473" type="stmt" count="0"/>
        <line num="485" type="method" name="setUri" crap="2" count="0"/>
        <line num="487" type="stmt" count="0"/>
        <line num="488" type="stmt" count="0"/>
        <line num="489" type="stmt" count="0"/>
        <line num="490" type="stmt" count="0"/>
        <line num="498" type="method" name="getUri" crap="1" count="2"/>
        <line num="500" type="stmt" count="2"/>
        <line num="512" type="method" name="setLocation" crap="2" count="0"/>
        <line num="514" type="stmt" count="0"/>
        <line num="515" type="stmt" count="0"/>
        <line num="516" type="stmt" count="0"/>
        <line num="517" type="stmt" count="0"/>
        <line num="525" type="method" name="getLocation" crap="1" count="2"/>
        <line num="527" type="stmt" count="2"/>
        <line num="537" type="method" name="setStyle" crap="6" count="0"/>
        <line num="539" type="stmt" count="0"/>
        <line num="540" type="stmt" count="0"/>
        <line num="542" type="stmt" count="0"/>
        <line num="545" type="stmt" count="0"/>
        <line num="546" type="stmt" count="0"/>
        <line num="547" type="stmt" count="0"/>
        <line num="555" type="method" name="getStyle" crap="1" count="2"/>
        <line num="557" type="stmt" count="2"/>
        <line num="567" type="method" name="setEncodingMethod" crap="6" count="0"/>
        <line num="569" type="stmt" count="0"/>
        <line num="570" type="stmt" count="0"/>
        <line num="572" type="stmt" count="0"/>
        <line num="575" type="stmt" count="0"/>
        <line num="576" type="stmt" count="0"/>
        <line num="577" type="stmt" count="0"/>
        <line num="585" type="method" name="getEncodingMethod" crap="1" count="2"/>
        <line num="587" type="stmt" count="2"/>
        <line num="596" type="method" name="setHttpLogin" crap="2" count="0"/>
        <line num="598" type="stmt" count="0"/>
        <line num="599" type="stmt" count="0"/>
        <line num="600" type="stmt" count="0"/>
        <line num="608" type="method" name="getHttpLogin" crap="1" count="2"/>
        <line num="610" type="stmt" count="2"/>
        <line num="619" type="method" name="setHttpPassword" crap="2" count="0"/>
        <line num="621" type="stmt" count="0"/>
        <line num="622" type="stmt" count="0"/>
        <line num="623" type="stmt" count="0"/>
        <line num="631" type="method" name="getHttpPassword" crap="1" count="2"/>
        <line num="633" type="stmt" count="2"/>
        <line num="642" type="method" name="setProxyHost" crap="2" count="0"/>
        <line num="644" type="stmt" count="0"/>
        <line num="645" type="stmt" count="0"/>
        <line num="646" type="stmt" count="0"/>
        <line num="654" type="method" name="getProxyHost" crap="1" count="2"/>
        <line num="656" type="stmt" count="2"/>
        <line num="665" type="method" name="setProxyPort" crap="2" count="0"/>
        <line num="667" type="stmt" count="0"/>
        <line num="668" type="stmt" count="0"/>
        <line num="669" type="stmt" count="0"/>
        <line num="677" type="method" name="getProxyPort" crap="1" count="2"/>
        <line num="679" type="stmt" count="2"/>
        <line num="688" type="method" name="setProxyLogin" crap="2" count="0"/>
        <line num="690" type="stmt" count="0"/>
        <line num="691" type="stmt" count="0"/>
        <line num="692" type="stmt" count="0"/>
        <line num="700" type="method" name="getProxyLogin" crap="1" count="2"/>
        <line num="702" type="stmt" count="2"/>
        <line num="711" type="method" name="setProxyPassword" crap="2" count="0"/>
        <line num="713" type="stmt" count="0"/>
        <line num="714" type="stmt" count="0"/>
        <line num="715" type="stmt" count="0"/>
        <line num="725" type="method" name="setHttpsCertificate" crap="6" count="0"/>
        <line num="727" type="stmt" count="0"/>
        <line num="728" type="stmt" count="0"/>
        <line num="731" type="stmt" count="0"/>
        <line num="732" type="stmt" count="0"/>
        <line num="733" type="stmt" count="0"/>
        <line num="741" type="method" name="getHttpsCertificate" crap="1" count="2"/>
        <line num="743" type="stmt" count="2"/>
        <line num="752" type="method" name="setHttpsCertPassphrase" crap="2" count="0"/>
        <line num="754" type="stmt" count="0"/>
        <line num="755" type="stmt" count="0"/>
        <line num="756" type="stmt" count="0"/>
        <line num="764" type="method" name="getHttpsCertPassphrase" crap="1" count="2"/>
        <line num="766" type="stmt" count="2"/>
        <line num="775" type="method" name="setCompressionOptions" crap="6" count="0"/>
        <line num="777" type="stmt" count="0"/>
        <line num="778" type="stmt" count="0"/>
        <line num="779" type="stmt" count="0"/>
        <line num="780" type="stmt" count="0"/>
        <line num="782" type="stmt" count="0"/>
        <line num="784" type="stmt" count="0"/>
        <line num="792" type="method" name="getCompressionOptions" crap="1" count="2"/>
        <line num="794" type="stmt" count="2"/>
        <line num="802" type="method" name="getProxyPassword" crap="1" count="2"/>
        <line num="804" type="stmt" count="2"/>
        <line num="814" type="method" name="setStreamContext" crap="3.14" count="2"/>
        <line num="816" type="stmt" count="2"/>
        <line num="817" type="stmt" count="0"/>
        <line num="820" type="stmt" count="2"/>
        <line num="821" type="stmt" count="2"/>
        <line num="829" type="method" name="getStreamContext" crap="1" count="2"/>
        <line num="831" type="stmt" count="2"/>
        <line num="840" type="method" name="setSoapFeatures" crap="2" count="0"/>
        <line num="842" type="stmt" count="0"/>
        <line num="843" type="stmt" count="0"/>
        <line num="844" type="stmt" count="0"/>
        <line num="852" type="method" name="getSoapFeatures" crap="1" count="2"/>
        <line num="854" type="stmt" count="2"/>
        <line num="863" type="method" name="setWSDLCache" crap="6" count="0"/>
        <line num="866" type="stmt" count="0"/>
        <line num="867" type="stmt" count="0"/>
        <line num="868" type="stmt" count="0"/>
        <line num="869" type="stmt" count="0"/>
        <line num="872" type="stmt" count="0"/>
        <line num="880" type="method" name="getWSDLCache" crap="1" count="2"/>
        <line num="882" type="stmt" count="2"/>
        <line num="891" type="method" name="setUserAgent" crap="6" count="0"/>
        <line num="893" type="stmt" count="0"/>
        <line num="894" type="stmt" count="0"/>
        <line num="895" type="stmt" count="0"/>
        <line num="896" type="stmt" count="0"/>
        <line num="899" type="stmt" count="0"/>
        <line num="907" type="method" name="getUserAgent" crap="1" count="2"/>
        <line num="909" type="stmt" count="2"/>
        <line num="917" type="method" name="getLastRequest" crap="6" count="0"/>
        <line num="919" type="stmt" count="0"/>
        <line num="920" type="stmt" count="0"/>
        <line num="923" type="stmt" count="0"/>
        <line num="931" type="method" name="getLastResponse" crap="6" count="0"/>
        <line num="933" type="stmt" count="0"/>
        <line num="934" type="stmt" count="0"/>
        <line num="936" type="stmt" count="0"/>
        <line num="944" type="method" name="getLastRequestHeaders" crap="6" count="0"/>
        <line num="946" type="stmt" count="0"/>
        <line num="947" type="stmt" count="0"/>
        <line num="949" type="stmt" count="0"/>
        <line num="957" type="method" name="getLastResponseHeaders" crap="6" count="0"/>
        <line num="959" type="stmt" count="0"/>
        <line num="960" type="stmt" count="0"/>
        <line num="962" type="stmt" count="0"/>
        <line num="970" type="method" name="getLastMethod" crap="2" count="0"/>
        <line num="972" type="stmt" count="0"/>
        <line num="988" type="method" name="_doRequest" crap="2.15" count="2"/>
        <line num="991" type="stmt" count="2"/>
        <line num="992" type="stmt" count="0"/>
        <line num="994" type="stmt" count="2"/>
        <line num="1002" type="method" name="_initSoapClientObject" crap="9.66" count="2"/>
        <line num="1004" type="stmt" count="2"/>
        <line num="1005" type="stmt" count="2"/>
        <line num="1007" type="stmt" count="2"/>
        <line num="1008" type="stmt" count="0"/>
        <line num="1009" type="stmt" count="0"/>
        <line num="1011" type="stmt" count="0"/>
        <line num="1012" type="stmt" count="0"/>
        <line num="1014" type="stmt" count="0"/>
        <line num="1015" type="stmt" count="2"/>
        <line num="1016" type="stmt" count="0"/>
        <line num="1018" type="stmt" count="2"/>
        <line num="1019" type="stmt" count="0"/>
        <line num="1022" type="stmt" count="2"/>
        <line num="1024" type="stmt" count="2"/>
        <line num="1025" type="stmt" count="2"/>
        <line num="1036" type="method" name="_preProcessArguments" crap="1" count="2"/>
        <line num="1039" type="stmt" count="2"/>
        <line num="1050" type="method" name="_preProcessResult" crap="1" count="2"/>
        <line num="1053" type="stmt" count="2"/>
        <line num="1063" type="method" name="addSoapInputHeader" crap="6" count="0"/>
        <line num="1065" type="stmt" count="0"/>
        <line num="1066" type="stmt" count="0"/>
        <line num="1067" type="stmt" count="0"/>
        <line num="1068" type="stmt" count="0"/>
        <line num="1070" type="stmt" count="0"/>
        <line num="1078" type="method" name="resetSoapInputHeaders" crap="2" count="0"/>
        <line num="1080" type="stmt" count="0"/>
        <line num="1081" type="stmt" count="0"/>
        <line num="1082" type="stmt" count="0"/>
        <line num="1090" type="method" name="getLastSoapOutputHeaderObjects" crap="2" count="0"/>
        <line num="1092" type="stmt" count="0"/>
        <line num="1102" type="method" name="__call" crap="3.02" count="2"/>
        <line num="1104" type="stmt" count="2"/>
        <line num="1105" type="stmt" count="0"/>
        <line num="1106" type="stmt" count="0"/>
        <line num="1107" type="stmt" count="2"/>
        <line num="1109" type="stmt" count="2"/>
        <line num="1111" type="stmt" count="2"/>
        <line num="1112" type="stmt" count="2"/>
        <line num="1113" type="stmt" count="2"/>
        <line num="1114" type="stmt" count="2"/>
        <line num="1115" type="stmt" count="2"/>
        <line num="1116" type="stmt" count="2"/>
        <line num="1117" type="stmt" count="2"/>
        <line num="1118" type="stmt" count="2"/>
        <line num="1121" type="stmt" count="2"/>
        <line num="1123" type="stmt" count="2"/>
        <line num="1133" type="method" name="call" crap="2" count="0"/>
        <line num="1135" type="stmt" count="0"/>
        <line num="1144" type="method" name="getFunctions" crap="6" count="0"/>
        <line num="1146" type="stmt" count="0"/>
        <line num="1147" type="stmt" count="0"/>
        <line num="1148" type="stmt" count="0"/>
        <line num="1150" type="stmt" count="0"/>
        <line num="1153" type="stmt" count="0"/>
        <line num="1154" type="stmt" count="0"/>
        <line num="1163" type="method" name="getTypes" crap="6" count="0"/>
        <line num="1165" type="stmt" count="0"/>
        <line num="1166" type="stmt" count="0"/>
        <line num="1167" type="stmt" count="0"/>
        <line num="1169" type="stmt" count="0"/>
        <line num="1172" type="stmt" count="0"/>
        <line num="1173" type="stmt" count="0"/>
        <line num="1182" type="method" name="setSoapClient" crap="2" count="0"/>
        <line num="1184" type="stmt" count="0"/>
        <line num="1185" type="stmt" count="0"/>
        <line num="1193" type="method" name="getSoapClient" crap="2" count="2"/>
        <line num="1195" type="stmt" count="2"/>
        <line num="1196" type="stmt" count="2"/>
        <line num="1197" type="stmt" count="2"/>
        <line num="1198" type="stmt" count="2"/>
        <line num="1208" type="method" name="setCookie" crap="2" count="0"/>
        <line num="1210" type="stmt" count="0"/>
        <line num="1211" type="stmt" count="0"/>
        <line num="1212" type="stmt" count="0"/>
        <line num="1215" type="stmt" count="1"/>
        <metrics loc="1214" ncloc="728" classes="1" methods="67" coveredmethods="27" conditionals="0" coveredconditionals="0" statements="334" coveredstatements="147" elements="401" coveredelements="174"/>
      </file>
    </package>
    <package name="Zend\Soap\Client">
      <file name="/Users/rainramm/Arendus/bitweb-id-services/vendor/zendframework/zend-soap/Zend/Soap/Client/Common.php">
        <class name="Common" namespace="Zend\Soap\Client">
          <metrics methods="2" coveredmethods="2" conditionals="0" coveredconditionals="0" statements="6" coveredstatements="5" elements="8" coveredelements="7"/>
        </class>
        <line num="14" type="stmt" count="1"/>
        <line num="32" type="method" name="__construct" crap="1" count="2"/>
        <line num="34" type="stmt" count="2"/>
        <line num="35" type="stmt" count="2"/>
        <line num="36" type="stmt" count="2"/>
        <line num="50" type="method" name="__doRequest" crap="2.15" count="2"/>
        <line num="53" type="stmt" count="2"/>
        <line num="54" type="stmt" count="0"/>
        <line num="57" type="stmt" count="2"/>
        <line num="61" type="stmt" count="1"/>
        <line num="62" type="stmt" count="1"/>
        <metrics loc="61" ncloc="26" classes="1" methods="2" coveredmethods="1" conditionals="0" coveredconditionals="0" statements="8" coveredstatements="7" elements="10" coveredelements="8"/>
      </file>
    </package>
    <metrics files="22" loc="3442" ncloc="2274" classes="20" methods="219" coveredmethods="121" conditionals="0" coveredconditionals="0" statements="912" coveredstatements="414" elements="1131" coveredelements="535"/>
  </project>
</coverage>
